0 verbose cli C:\Program Files\nodejs\node.exe C:\Users\SSAFY\AppData\Roaming\npm\node_modules\npm\bin\npm-cli.js
1 info using npm@10.8.1
2 info using node@v20.15.0
3 silly config load:file:C:\Users\SSAFY\AppData\Roaming\npm\node_modules\npm\npmrc
4 silly config load:file:C:\Users\SSAFY\Desktop\React\.npmrc
5 silly config load:file:C:\Users\SSAFY\.npmrc
6 silly config load:file:C:\Users\SSAFY\AppData\Roaming\npm\etc\npmrc
7 verbose title npm exec create-next-app@latest
8 verbose argv "exec" "--" "create-next-app@latest"
9 verbose logfile logs-max:10 dir:C:\Users\SSAFY\Desktop\React\UsersSSAFYAppDataRoamingnpm-cache\_logs\2024-07-03T06_32_14_251Z-
10 verbose logfile C:\Users\SSAFY\Desktop\React\UsersSSAFYAppDataRoamingnpm-cache\_logs\2024-07-03T06_32_14_251Z-debug-0.log
11 silly logfile done cleaning log files
12 silly packumentCache heap:4345298944 maxSize:1086324736 maxEntrySize:543162368
13 http fetch GET 200 https://registry.npmjs.org/create-next-app 363ms (cache miss)
14 silly packumentCache heap:4345298944 maxSize:1086324736 maxEntrySize:543162368
15 silly packumentCache heap:4345298944 maxSize:1086324736 maxEntrySize:543162368
16 silly idealTree buildDeps
17 silly fetch manifest create-next-app@14.2.4
18 silly packumentCache full:https://registry.npmjs.org/create-next-app cache-miss
19 http fetch GET 200 https://registry.npmjs.org/npm 674ms
20 http fetch GET 200 https://registry.npmjs.org/create-next-app 424ms (cache miss)
21 silly packumentCache full:https://registry.npmjs.org/create-next-app set size:undefined disposed:false
22 silly placeDep ROOT create-next-app@14.2.4 OK for:  want: 14.2.4
23 silly reify moves {}
24 silly audit bulk request { 'create-next-app': [ '14.2.4' ] }
25 silly tarball no local data for create-next-app@https://registry.npmjs.org/create-next-app/-/create-next-app-14.2.4.tgz. Extracting by manifest.
26 http fetch GET 200 https://registry.npmjs.org/create-next-app/-/create-next-app-14.2.4.tgz 142ms (cache miss)
27 http fetch POST 200 https://registry.npmjs.org/-/npm/v1/security/advisories/bulk 200ms
28 silly audit report {}
29 verbose cwd C:\Users\SSAFY\Desktop\React
30 verbose os Windows_NT 10.0.19045
31 verbose node v20.15.0
32 verbose npm  v10.8.1
33 verbose exit 0
34 info ok
