0 verbose cli C:\Program Files\nodejs\node.exe C:\Users\SSAFY\AppData\Roaming\npm\node_modules\npm\bin\npm-cli.js
1 info using npm@10.8.1
2 info using node@v20.15.0
3 silly config load:file:C:\Users\SSAFY\AppData\Roaming\npm\node_modules\npm\npmrc
4 silly config load:file:C:\Users\SSAFY\Desktop\React\secondapp\.npmrc
5 silly config load:file:C:\Users\SSAFY\.npmrc
6 silly config load:file:C:\Users\SSAFY\AppData\Roaming\npm\etc\npmrc
7 verbose title npm exec start
8 verbose argv "exec" "--" "start"
9 verbose logfile logs-max:10 dir:C:\Users\SSAFY\Desktop\React\secondapp\UsersSSAFYAppDataRoamingnpm-cache\_logs\2024-07-03T06_33_42_980Z-
10 verbose logfile C:\Users\SSAFY\Desktop\React\secondapp\UsersSSAFYAppDataRoamingnpm-cache\_logs\2024-07-03T06_33_42_980Z-debug-0.log
11 silly logfile done cleaning log files
12 silly packumentCache heap:4345298944 maxSize:1086324736 maxEntrySize:543162368
13 http fetch GET 200 https://registry.npmjs.org/start 318ms (cache miss)
14 verbose stack Error: could not determine executable to run
14 verbose stack     at getBinFromManifest (C:\Users\SSAFY\AppData\Roaming\npm\node_modules\npm\node_modules\libnpmexec\lib\get-bin-from-manifest.js:17:23)
14 verbose stack     at exec (C:\Users\SSAFY\AppData\Roaming\npm\node_modules\npm\node_modules\libnpmexec\lib\index.js:198:15)
14 verbose stack     at async Npm.exec (C:\Users\SSAFY\AppData\Roaming\npm\node_modules\npm\lib\npm.js:207:9)
14 verbose stack     at async module.exports (C:\Users\SSAFY\AppData\Roaming\npm\node_modules\npm\lib\cli\entry.js:74:5)
15 verbose pkgid start@5.1.0
16 error could not determine executable to run
17 verbose cwd C:\Users\SSAFY\Desktop\React\secondapp
18 verbose os Windows_NT 10.0.19045
19 verbose node v20.15.0
20 verbose npm  v10.8.1
21 verbose exit 1
22 verbose code 1
23 error A complete log of this run can be found in: C:\Users\SSAFY\Desktop\React\secondapp\UsersSSAFYAppDataRoamingnpm-cache\_logs\2024-07-03T06_33_42_980Z-debug-0.log
